<?xml version="1.0" encoding="UTF-8"?>
<testsuite xmlns:xsi="http://www.w3.org/2001/XMLSchema-instance" xsi:noNamespaceSchemaLocation="https://maven.apache.org/surefire/maven-surefire-plugin/xsd/surefire-test-report-3.0.xsd" version="3.0" name="com.recuperacio.TestMain" time="0.067" tests="13" errors="0" skipped="0" failures="0">
  <properties>
    <property name="java.specification.version" value="17"/>
    <property name="sun.cpu.isalist" value="amd64"/>
    <property name="sun.jnu.encoding" value="Cp1252"/>
    <property name="java.class.path" value="C:\Users\David\Desktop\ENTONRSRECU\recuperaciom5\target\test-classes;C:\Users\David\Desktop\ENTONRSRECU\recuperaciom5\target\classes;C:\Users\David\.m2\repository\org\junit\jupiter\junit-jupiter\5.10.0\junit-jupiter-5.10.0.jar;C:\Users\David\.m2\repository\org\junit\jupiter\junit-jupiter-api\5.10.0\junit-jupiter-api-5.10.0.jar;C:\Users\David\.m2\repository\org\opentest4j\opentest4j\1.3.0\opentest4j-1.3.0.jar;C:\Users\David\.m2\repository\org\junit\platform\junit-platform-commons\1.10.0\junit-platform-commons-1.10.0.jar;C:\Users\David\.m2\repository\org\apiguardian\apiguardian-api\1.1.2\apiguardian-api-1.1.2.jar;C:\Users\David\.m2\repository\org\junit\jupiter\junit-jupiter-params\5.10.0\junit-jupiter-params-5.10.0.jar;C:\Users\David\.m2\repository\org\junit\jupiter\junit-jupiter-engine\5.10.0\junit-jupiter-engine-5.10.0.jar;C:\Users\David\.m2\repository\org\junit\platform\junit-platform-engine\1.10.0\junit-platform-engine-1.10.0.jar;"/>
    <property name="java.vm.vendor" value="Oracle Corporation"/>
    <property name="sun.arch.data.model" value="64"/>
    <property name="user.variant" value=""/>
    <property name="java.vendor.url" value="https://java.oracle.com/"/>
    <property name="user.timezone" value="Europe/Madrid"/>
    <property name="os.name" value="Windows 10"/>
    <property name="java.vm.specification.version" value="17"/>
    <property name="sun.java.launcher" value="SUN_STANDARD"/>
    <property name="user.country" value="ES"/>
    <property name="sun.boot.library.path" value="C:\Program Files\Java\jdk-17\bin"/>
    <property name="sun.java.command" value="C:\Users\David\AppData\Local\Temp\surefire8174101529125507571\surefirebooter-20250605211938387_3.jar C:\Users\David\AppData\Local\Temp\surefire8174101529125507571 2025-06-05T21-19-38_226-jvmRun1 surefire-20250605211938387_1tmp surefire_0-20250605211938387_2tmp"/>
    <property name="jdk.debug" value="release"/>
    <property name="test" value="com.recuperacio.TestMain"/>
    <property name="surefire.test.class.path" value="C:\Users\David\Desktop\ENTONRSRECU\recuperaciom5\target\test-classes;C:\Users\David\Desktop\ENTONRSRECU\recuperaciom5\target\classes;C:\Users\David\.m2\repository\org\junit\jupiter\junit-jupiter\5.10.0\junit-jupiter-5.10.0.jar;C:\Users\David\.m2\repository\org\junit\jupiter\junit-jupiter-api\5.10.0\junit-jupiter-api-5.10.0.jar;C:\Users\David\.m2\repository\org\opentest4j\opentest4j\1.3.0\opentest4j-1.3.0.jar;C:\Users\David\.m2\repository\org\junit\platform\junit-platform-commons\1.10.0\junit-platform-commons-1.10.0.jar;C:\Users\David\.m2\repository\org\apiguardian\apiguardian-api\1.1.2\apiguardian-api-1.1.2.jar;C:\Users\David\.m2\repository\org\junit\jupiter\junit-jupiter-params\5.10.0\junit-jupiter-params-5.10.0.jar;C:\Users\David\.m2\repository\org\junit\jupiter\junit-jupiter-engine\5.10.0\junit-jupiter-engine-5.10.0.jar;C:\Users\David\.m2\repository\org\junit\platform\junit-platform-engine\1.10.0\junit-platform-engine-1.10.0.jar;"/>
    <property name="sun.cpu.endian" value="little"/>
    <property name="user.home" value="C:\Users\David"/>
    <property name="user.language" value="es"/>
    <property name="java.specification.vendor" value="Oracle Corporation"/>
    <property name="java.version.date" value="2024-10-15"/>
    <property name="java.home" value="C:\Program Files\Java\jdk-17"/>
    <property name="file.separator" value="\"/>
    <property name="basedir" value="C:\Users\David\Desktop\ENTONRSRECU\recuperaciom5"/>
    <property name="java.vm.compressedOopsMode" value="Zero based"/>
    <property name="line.separator" value="&#10;"/>
    <property name="java.vm.specification.vendor" value="Oracle Corporation"/>
    <property name="java.specification.name" value="Java Platform API Specification"/>
    <property name="surefire.real.class.path" value="C:\Users\David\AppData\Local\Temp\surefire8174101529125507571\surefirebooter-20250605211938387_3.jar"/>
    <property name="user.script" value=""/>
    <property name="sun.management.compiler" value="HotSpot 64-Bit Tiered Compilers"/>
    <property name="java.runtime.version" value="17.0.13+10-LTS-268"/>
    <property name="user.name" value="David"/>
    <property name="path.separator" value=";"/>
    <property name="os.version" value="10.0"/>
    <property name="java.runtime.name" value="Java(TM) SE Runtime Environment"/>
    <property name="file.encoding" value="Cp1252"/>
    <property name="java.vm.name" value="Java HotSpot(TM) 64-Bit Server VM"/>
    <property name="localRepository" value="C:\Users\David\.m2\repository"/>
    <property name="java.vendor.url.bug" value="https://bugreport.java.com/bugreport/"/>
    <property name="java.io.tmpdir" value="C:\Users\David\AppData\Local\Temp\"/>
    <property name="java.version" value="17.0.13"/>
    <property name="user.dir" value="C:\Users\David\Desktop\ENTONRSRECU\recuperaciom5"/>
    <property name="os.arch" value="amd64"/>
    <property name="java.vm.specification.name" value="Java Virtual Machine Specification"/>
    <property name="sun.os.patch.level" value=""/>
    <property name="native.encoding" value="Cp1252"/>
    <property name="java.library.path" value="C:\Program Files\Java\jdk-17\bin;C:\Windows\Sun\Java\bin;C:\Windows\system32;C:\Windows;C:\app\David\product\21c\dbhomeXE\bin;C:\Program Files\Common Files\Oracle\Java\javapath;C:\Program Files (x86)\Common Files\Oracle\Java\java8path;C:\Program Files (x86)\Common Files\Oracle\Java\javapath;C:\Windows\system32;C:\Windows;C:\Windows\System32\Wbem;C:\Windows\System32\WindowsPowerShell\v1.0\;C:\Windows\System32\OpenSSH\;C:\Program Files\NVIDIA Corporation\NVIDIA NvDLISR;C:\Program Files (x86)\NVIDIA Corporation\PhysX\Common;C:\Program Files\dotnet\;C:\Program Files\Maven\apache-maven-3.9.9\bin;C:\Gradle\bin;C:\Users\David\AppData\Local\Android\sdk\platform-tools;C:\Program Files\Java\jdk-17\bin;C:\Users\David\AppData\Local\Android\sdk\emulator;C:\Program Files\Git\cmd;C:\Program Files\nodejs\;C:\Users\David\AppData\Local\Microsoft\WindowsApps;C:\Users\David\AppData\Local\Programs\Microsoft VS Code\bin;C:\Users\David\AppData\Local\Muse Hub\lib;C:\Users\David\AppData\Local\GitHubDesktop\bin;C:\Users\David\AppData\Roaming\npm;C:\Users\David\AppData\Local\spicetify;C:\Users\David\AppData\Local\Muse Hub\lib;C:\Users\David\AppData\Local\Muse Hub\lib;C:\Users\David\AppData\Local\Muse Hub\lib;C:\Users\David\AppData\Local\Muse Hub\lib;C:\Users\David\AppData\Local\Muse Hub\lib;C:\Users\David\AppData\Local\Muse Hub\lib;C:\Users\David\AppData\Local\Muse Hub\lib;c:\Users\David\.vscode\extensions\ms-python.debugpy-2025.8.0-win32-x64\bundled\scripts\noConfigScripts;."/>
    <property name="java.vm.info" value="mixed mode, sharing"/>
    <property name="java.vendor" value="Oracle Corporation"/>
    <property name="java.vm.version" value="17.0.13+10-LTS-268"/>
    <property name="java.specification.maintenance.version" value="1"/>
    <property name="sun.io.unicode.encoding" value="UnicodeLittle"/>
    <property name="java.class.version" value="61.0"/>
  </properties>
  <testcase name="testValoracioError" classname="com.recuperacio.TestMain" time="0.019">
    <system-out><![CDATA[testValoracioError està bé
]]></system-out>
  </testcase>
  <testcase name="testVideojocAventura" classname="com.recuperacio.TestMain" time="0.002">
    <system-out><![CDATA[testVideojocAventura esta be
]]></system-out>
  </testcase>
  <testcase name="testCalculadora" classname="com.recuperacio.TestMain" time="0.002">
    <system-out><![CDATA[testCalculadora esta be
]]></system-out>
  </testcase>
  <testcase name="testToString" classname="com.recuperacio.TestMain" time="0.011">
    <system-out><![CDATA[testToString esta be
]]></system-out>
  </testcase>
  <testcase name="testValoracioToString" classname="com.recuperacio.TestMain" time="0.003">
    <system-out><![CDATA[testValoracioToString esta be
]]></system-out>
  </testcase>
  <testcase name="TestPlataformes" classname="com.recuperacio.TestMain" time="0.001">
    <system-out><![CDATA[TestPlataformes esta be
]]></system-out>
  </testcase>
  <testcase name="testDesenvolupadora" classname="com.recuperacio.TestMain" time="0.001">
    <system-out><![CDATA[testDesenvolupadora esta be
]]></system-out>
  </testcase>
  <testcase name="testVideojocAccio" classname="com.recuperacio.TestMain" time="0.001">
    <system-out><![CDATA[testVideojocAccio esta be
]]></system-out>
  </testcase>
  <testcase name="testFerValoracio" classname="com.recuperacio.TestMain" time="0.001">
    <system-out><![CDATA[testFerValoracio està bé
]]></system-out>
  </testcase>
  <testcase name="testVideojocRol" classname="com.recuperacio.TestMain" time="0.002">
    <system-out><![CDATA[testVideojocRol esta be
]]></system-out>
  </testcase>
  <testcase name="TestFavorits" classname="com.recuperacio.TestMain" time="0.0">
    <system-out><![CDATA[TestFavorits esta be
]]></system-out>
  </testcase>
  <testcase name="testUsuariCreacioIAtributs" classname="com.recuperacio.TestMain" time="0.001">
    <system-out><![CDATA[testUsuariCreacioIAtributs esta be
]]></system-out>
  </testcase>
  <testcase name="testVideojocBase" classname="com.recuperacio.TestMain" time="0.002">
    <system-out><![CDATA[testVideojoc està bé
]]></system-out>
  </testcase>
</testsuite>